<?xml version="1.0" encoding="UTF-8"?>
<!-- Generated by org.testng.reporters.JUnitReportReporter -->
<testsuite hostname="MKSGROUP" failures="0" tests="1" name="com.SwagLab.testScripts.Cart" time="0.001" errors="0" timestamp="2024-01-26T16:37:10 IST" skipped="0">
  <testcase classname="com.SwagLab.testScripts.Cart" name="Cartpehla" time="0.001"/>
  <system-out>
    <![CDATA[First method of Cart Class]]>
  </system-out>
</testsuite> <!-- com.SwagLab.testScripts.Cart -->
