<?xml version="1.0" encoding="UTF-8"?>
<!-- Generated by org.testng.reporters.JUnitReportReporter -->
<testsuite hostname="DESKTOP-RU8SAI6" failures="0" tests="1" name="com.SwagLab.testScripts.ProductOrder" time="35.072" errors="0" timestamp="2024-10-06T18:31:00 IST" skipped="0">
  <testcase classname="com.SwagLab.testScripts.ProductOrder" name="productOrder" time="35.072"/>
  <system-out/>
</testsuite> <!-- com.SwagLab.testScripts.ProductOrder -->
