<?xml version="1.0" encoding="UTF-8"?>
<!-- Generated by org.testng.reporters.JUnitReportReporter -->
<testsuite hostname="MKSGROUP" failures="0" tests="2" name="com.SwagLab.testScripts.ProductOrder" time="39.590" errors="0" timestamp="2024-01-26T19:24:00 IST" skipped="0">
  <testcase classname="com.SwagLab.testScripts.ProductOrder" name="mroductCheck" time="8.797"/>
  <system-out>
    <![CDATA[ProductOrder class ka 2nd method]]>
  </system-out>
  <testcase classname="com.SwagLab.testScripts.ProductOrder" name="productOrder" time="30.793"/>
  <system-out/>
</testsuite> <!-- com.SwagLab.testScripts.ProductOrder -->
