<?xml version="1.0" encoding="UTF-8"?>
<!-- Generated by org.testng.reporters.JUnitReportReporter -->
<testsuite hostname="MKSGROUP" failures="0" tests="1" name="com.SwagLab.testScripts.AboutSwagLab" time="18.959" errors="0" timestamp="2024-01-26T20:27:27 IST" skipped="0">
  <testcase classname="com.SwagLab.testScripts.AboutSwagLab" name="aboutSwag" time="18.959"/>
  <system-out/>
</testsuite> <!-- com.SwagLab.testScripts.AboutSwagLab -->
