<?xml version="1.0" encoding="UTF-8"?>
<!-- Generated by org.testng.reporters.JUnitReportReporter -->
<testsuite hostname="MKSGROUP" failures="0" tests="1" name="com.SwagLab.testScripts.ProductOrder" time="36.622" errors="0" timestamp="2024-01-26T20:27:27 IST" skipped="0">
  <testcase classname="com.SwagLab.testScripts.ProductOrder" name="productOrder" time="36.622"/>
  <system-out/>
</testsuite> <!-- com.SwagLab.testScripts.ProductOrder -->
