<?xml version="1.0" encoding="UTF-8"?>
<!-- Generated by org.testng.reporters.JUnitReportReporter -->
<testsuite hostname="MKSGROUP" failures="0" tests="4" name="com.SwagLab.testScripts.Pro" time="0.006" errors="0" timestamp="2024-01-26T16:37:10 IST" skipped="0">
  <testcase classname="com.SwagLab.testScripts.Pro" name="pro3" time="0.001"/>
  <system-out>
    <![CDATA[Pro class ka 3ed method]]>
  </system-out>
  <testcase classname="com.SwagLab.testScripts.Pro" name="pro1" time="0.003"/>
  <system-out>
    <![CDATA[Pro class ka 1st method]]>
  </system-out>
  <testcase classname="com.SwagLab.testScripts.Pro" name="pro2" time="0.001"/>
  <system-out>
    <![CDATA[Pro class ka 2nd method]]>
  </system-out>
  <testcase classname="com.SwagLab.testScripts.Pro" name="pro4" time="0.001"/>
  <system-out>
    <![CDATA[Pro class ka 4rth method]]>
  </system-out>
</testsuite> <!-- com.SwagLab.testScripts.Pro -->
